<?xml version="1.0" encoding="UTF-8"?>
<!-- Generated by org.testng.reporters.JUnitReportReporter -->
<testsuite hostname="DESKTOP-SJ5DVJK" failures="0" tests="3" name="org.testNG.Run" time="84.684" errors="0" timestamp="14 Jun 2022 15:57:13 GMT" skipped="0">
  <testcase classname="org.testNG.Run" name="tc1" time="26.438"/>
  <testcase classname="org.testNG.Run" name="tc1" time="31.876"/>
  <testcase classname="org.testNG.Run" name="tc1" time="26.370"/>
</testsuite> <!-- org.testNG.Run -->
