<?xml version="1.0" encoding="UTF-8"?>
<!-- Generated by org.testng.reporters.JUnitReportReporter -->
<testsuite hostname="DESKTOP-SJ5DVJK" failures="0" tests="1" name="org.testNG.Login" time="0.058" errors="0" timestamp="15 Jun 2022 16:00:28 GMT" skipped="0">
  <testcase classname="org.testNG.Login" name="login" time="0.058"/>
</testsuite> <!-- org.testNG.Login -->
