<?xml version="1.0" encoding="UTF-8"?>
<!-- Generated by org.testng.reporters.JUnitReportReporter -->
<testsuite hostname="DESKTOP-SJ5DVJK" failures="0" tests="1" name="org.testNG.DataProvider" time="0.017" errors="0" timestamp="13 Jun 2022 17:07:04 GMT" skipped="0">
  <testcase classname="org.testNG.DataProvider" name="tc2" time="0.017"/>
</testsuite> <!-- org.testNG.DataProvider -->
